[23:44:40] [ServerMain/INFO]: [bootstrap] Running Java 21 (OpenJDK 64-Bit Server VM 21.0.5+11-Ubuntu-1ubuntu120.04; Ubuntu null) on Linux 6.5.0-1025-azure (amd64)
[23:44:40] [ServerMain/INFO]: [bootstrap] Loading Paper 1.21.3-63-master@4190ee7 (2024-11-25T18:59:19Z) for Minecraft 1.21.3
[23:44:40] [ServerMain/INFO]: [PluginInitializerManager] Initializing plugins...
[23:44:40] [ServerMain/INFO]: [PluginInitializerManager] Initialized 3 plugins
[23:44:40] [ServerMain/INFO]: [PluginInitializerManager] Bukkit plugins (3):
 - BetterKeepInventory (1.6.1), SimpleTpa (7.4), SkinsRestorer (15.5.0)
[23:44:45] [ServerMain/INFO]: Environment: Environment[sessionHost=https://sessionserver.mojang.com, servicesHost=https://api.minecraftservices.com, name=PROD]
[23:44:47] [ServerMain/INFO]: Loaded 1337 recipes
[23:44:47] [ServerMain/INFO]: Loaded 1448 advancements
[23:44:47] [Server thread/INFO]: Starting minecraft server version 1.21.3
[23:44:47] [Server thread/INFO]: Loading properties
[23:44:47] [Server thread/INFO]: This server is running Paper version 1.21.3-63-master@4190ee7 (2024-11-25T18:59:19Z) (Implementing API version 1.21.3-R0.1-SNAPSHOT)
[23:44:48] [Server thread/INFO]: [spark] This server bundles the spark profiler. For more information please visit https://docs.papermc.io/paper/profiling
[23:44:48] [Server thread/INFO]: Server Ping Player Sample Count: 12
[23:44:48] [Server thread/INFO]: Using 4 threads for Netty based IO
[23:44:49] [Server thread/INFO]: [MoonriseCommon] Paper is using 1 worker threads, 1 I/O threads
[23:44:49] [Server thread/INFO]: [ChunkTaskScheduler] Chunk system is using population gen parallelism: true
[23:44:49] [Server thread/INFO]: Default game type: SURVIVAL
[23:44:49] [Server thread/INFO]: Generating keypair
[23:44:49] [Server thread/INFO]: Starting Minecraft server on *:25565
[23:44:50] [Server thread/INFO]: Using epoll channel type
[23:44:50] [Server thread/INFO]: Paper: Using libdeflate (Linux x86_64) compression from Velocity.
[23:44:50] [Server thread/INFO]: Paper: Using OpenSSL 1.1.x (Linux x86_64) cipher from Velocity.
[23:44:51] [Server thread/INFO]: [SkinsRestorer] Loading server plugin SkinsRestorer v15.5.0
[23:44:51] [Server thread/INFO]: [SimpleTpa] Loading server plugin SimpleTpa v7.4
[23:44:51] [Server thread/INFO]: [BetterKeepInventory] Loading server plugin BetterKeepInventory v1.6.1
[23:44:51] [Server thread/INFO]: Server permissions file permissions.yml is empty, ignoring it
[23:44:51] [Server thread/INFO]: [SkinsRestorer] Enabling SkinsRestorer v15.5.0
[23:44:52] [Server thread/WARN]: [SkinsRestorer] You must agree to the rules at 'commands.perSkinPermissionsConsent' in the config to use per skin permissions.
[23:44:53] [Server thread/INFO]: [SkinsRestorer] Running on Minecraft 1.21.3.
[23:44:54] [Server thread/INFO]: [SkinsRestorer] Using paper join listener!
[23:44:54] [Server thread/WARN]: **** SERVER IS RUNNING IN OFFLINE/INSECURE MODE!
[23:44:54] [Server thread/WARN]: The server will make no attempt to authenticate usernames. Beware.
[23:44:54] [Server thread/WARN]: While this makes the game possible to play without internet access, it also opens up the ability for hackers to connect with any username they choose.
[23:44:54] [Server thread/WARN]: To change this, set "online-mode" to "true" in the server.properties file.
[23:44:54] [Server thread/INFO]: Preparing level "world"
[23:44:54] [Folia Async Scheduler Thread #1/INFO]: [SkinsRestorer] ----------------------------------------------
[23:44:54] [Folia Async Scheduler Thread #1/INFO]: [SkinsRestorer]     +==================+
[23:44:54] [Folia Async Scheduler Thread #1/INFO]: [SkinsRestorer]     |   SkinsRestorer  |
[23:44:54] [Folia Async Scheduler Thread #1/INFO]: [SkinsRestorer]     |------------------|
[23:44:54] [Folia Async Scheduler Thread #1/INFO]: [SkinsRestorer]     |  Standalone Mode |
[23:44:54] [Folia Async Scheduler Thread #1/INFO]: [SkinsRestorer]     +==================+
[23:44:54] [Folia Async Scheduler Thread #1/INFO]: [SkinsRestorer] ----------------------------------------------
[23:44:54] [Folia Async Scheduler Thread #1/INFO]: [SkinsRestorer]     Version: 15.5.0
[23:44:54] [Folia Async Scheduler Thread #1/INFO]: [SkinsRestorer]     Commit: ad418e4
[23:44:54] [Folia Async Scheduler Thread #1/INFO]: [SkinsRestorer]     This is the latest version!
[23:44:54] [Folia Async Scheduler Thread #1/INFO]: [SkinsRestorer] ----------------------------------------------
[23:44:54] [Folia Async Scheduler Thread #1/INFO]: [SkinsRestorer] Do you have issues? Read our troubleshooting guide: https://skinsrestorer.net/docs/troubleshooting
[23:44:54] [Folia Async Scheduler Thread #1/INFO]: [SkinsRestorer] Want to support SkinsRestorer? Consider donating: https://skinsrestorer.net/donate
[23:44:55] [Server thread/INFO]: Preparing start region for dimension minecraft:overworld
[23:44:55] [Paper Common Worker #0/INFO]: [MCTypeRegistry] Initialising converters for DataConverter...
[23:44:56] [Paper Common Worker #0/INFO]: [MCTypeRegistry] Finished initialising converters for DataConverter in 721.4ms
[23:44:56] [Server thread/INFO]: Preparing spawn area: 0%
[23:44:56] [Server thread/INFO]: Preparing spawn area: 0%
[23:44:56] [Server thread/INFO]: Preparing spawn area: 0%
[23:44:56] [Server thread/INFO]: Preparing spawn area: 2%
[23:44:57] [Server thread/INFO]: Preparing spawn area: 18%
[23:44:57] [Server thread/INFO]: Time elapsed: 2389 ms
[23:44:57] [Server thread/INFO]: Preparing start region for dimension minecraft:the_nether
[23:44:57] [Server thread/INFO]: Preparing spawn area: 0%
[23:44:57] [Server thread/INFO]: Time elapsed: 258 ms
[23:44:57] [Server thread/INFO]: Preparing start region for dimension minecraft:the_end
[23:44:57] [Server thread/INFO]: Preparing spawn area: 0%
[23:44:58] [Server thread/INFO]: Time elapsed: 185 ms
[23:44:58] [Server thread/INFO]: [SimpleTpa] Enabling SimpleTpa v7.4
[23:44:58] [Server thread/INFO]: [SimpleTpa] If you need support contact me at https://discord.gg/SZUkza9
[23:44:58] [Server thread/INFO]: [SimpleTpa] Simple Tpa has been enabled on version 7.4
[23:44:58] [Server thread/INFO]: Enabled metrics. You may opt-out by changing plugins/bStats/config.yml
[23:44:58] [Server thread/INFO]: [BetterKeepInventory] Enabling BetterKeepInventory v1.6.1
[23:44:58] [Server thread/INFO]: [spark] Starting background profiler...
[23:44:58] [Server thread/INFO]: Done preparing level "world" (4.601s)
[23:44:58] [Server thread/INFO]: Running delayed init tasks
[23:44:58] [Server thread/INFO]: Done (20.037s)! For help, type "help"
[23:45:42] [User Authenticator #0/INFO]: UUID of player fabrix is a9024316-8fdc-3773-8475-f2763d63a5fe
[23:45:44] [Server thread/INFO]: fabrix joined the game
[23:45:44] [Server thread/INFO]: fabrix[/127.50.15.32:42269] logged in with entity id 21 at ([world]548.0491503526803, 127.0, 445.3117603601332)
[23:45:44] [Server thread/WARN]: [ca.spottedleaf.moonrise.patches.chunk_system.level.entity.EntityLookup] Entity uuid already exists: 7dc97a88-e253-41e2-9773-54a11f1e4788, mapped to Bat['Bat'/38, uuid='7dc97a88-e253-41e2-9773-54a11f1e4788', l='ServerLevel[world]', x=572.91, y=26.03, z=417.04, cpos=[35, 26], tl=546, v=true], can't add Bat['Bat'/47, uuid='7dc97a88-e253-41e2-9773-54a11f1e4788', l='ServerLevel[world]', x=572.45, y=26.40, z=415.81, cpos=[35, 25], tl=553, v=false]
[23:45:45] [Server thread/WARN]: [ca.spottedleaf.moonrise.patches.chunk_system.level.entity.EntityLookup] Entity uuid already exists: 787d1ffb-cb10-4805-b7f6-4f4130400a53, mapped to Bat['Bat'/54, uuid='787d1ffb-cb10-4805-b7f6-4f4130400a53', l='ServerLevel[world]', x=529.75, y=27.97, z=391.91, cpos=[33, 24], tl=884, v=true], can't add Bat['Bat'/68, uuid='787d1ffb-cb10-4805-b7f6-4f4130400a53', l='ServerLevel[world]', x=527.91, y=28.19, z=390.38, cpos=[32, 24], tl=868, v=false]
[23:53:45] [User Authenticator #1/INFO]: UUID of player elecx04 is 68a42162-88f3-31df-b7f9-8c5edfa112a8
[23:53:46] [Server thread/INFO]: elecx04 joined the game
[23:53:46] [Server thread/INFO]: elecx04[/127.73.28.173:41961] logged in with entity id 1273 at ([world]469.15035335835705, 120.0, 511.78284687934394)
